app/build/intermediates/manifest_merge_blame_file/debug/manifest-merger-blame-debug-report.txt
1<?xml version="1.0" encoding="utf-8"?>
2<manifest xmlns:android="http://schemas.android.com/apk/res/android"
3    package="com.azhar.wisatapurwakarta"
4    android:versionCode="1"
5    android:versionName="1.0" >
6
7    <uses-sdk
8        android:minSdkVersion="21"
8-->src\main\AndroidManifest.xml
9        android:targetSdkVersion="29" />
9-->src\main\AndroidManifest.xml
10
11    <uses-permission android:name="android.permission.INTERNET" />
11-->src\main\AndroidManifest.xml:5:5-67
11-->src\main\AndroidManifest.xml:5:22-64
12    <uses-permission android:name="android.permission.ACCESS_COARSE_LOCATION" />
12-->src\main\AndroidManifest.xml:6:5-81
12-->src\main\AndroidManifest.xml:6:22-78
13    <uses-permission android:name="android.permission.ACCESS_FINE_LOCATION" />
13-->src\main\AndroidManifest.xml:7:5-79
13-->src\main\AndroidManifest.xml:7:22-76
14
15    <!-- Include required permissions for Google Maps API to run. -->
16    <uses-permission android:name="android.permission.ACCESS_NETWORK_STATE" />
16-->[com.google.android.gms:play-services-maps:17.0.0] AndroidManifest.xml:23:5-79
16-->[com.google.android.gms:play-services-maps:17.0.0] AndroidManifest.xml:23:22-76
17
18    <uses-feature
18-->[com.google.android.gms:play-services-maps:17.0.0] AndroidManifest.xml:26:5-28:35
19        android:glEsVersion="0x00020000"
19-->[com.google.android.gms:play-services-maps:17.0.0] AndroidManifest.xml:27:9-41
20        android:required="true" />
20-->[com.google.android.gms:play-services-maps:17.0.0] AndroidManifest.xml:28:9-32
21
22    <application
22-->src\main\AndroidManifest.xml:9:5-44:19
23        android:allowBackup="true"
23-->src\main\AndroidManifest.xml:10:9-35
24        android:appComponentFactory="androidx.core.app.CoreComponentFactory"
24-->[androidx.core:core:1.1.0] AndroidManifest.xml:24:18-86
25        android:debuggable="true"
26        android:icon="@mipmap/ic_launcher"
26-->src\main\AndroidManifest.xml:11:9-43
27        android:label="@string/app_name"
27-->src\main\AndroidManifest.xml:12:9-41
28        android:roundIcon="@mipmap/ic_launcher_round"
28-->src\main\AndroidManifest.xml:13:9-54
29        android:supportsRtl="true"
29-->src\main\AndroidManifest.xml:14:9-35
30        android:testOnly="true"
31        android:theme="@style/AppTheme"
31-->src\main\AndroidManifest.xml:15:9-40
32        android:usesCleartextTraffic="true" >
32-->src\main\AndroidManifest.xml:16:9-44
33        <activity android:name="com.nadhotel.activities.OrderActivity" />
33-->src\main\AndroidManifest.xml:17:9-62
33-->src\main\AndroidManifest.xml:17:19-59
34        <activity android:name="com.nadhotel.activities.DetailHotelActivity" />
34-->src\main\AndroidManifest.xml:18:9-68
34-->src\main\AndroidManifest.xml:18:19-65
35        <activity android:name="com.nadhotel.activities.HotelActivity" />
35-->src\main\AndroidManifest.xml:19:9-62
35-->src\main\AndroidManifest.xml:19:19-59
36        <activity android:name="com.nadhotel.activities.SplashScreen" >
36-->src\main\AndroidManifest.xml:20:9-26:20
36-->src\main\AndroidManifest.xml:20:19-58
37            <intent-filter>
37-->src\main\AndroidManifest.xml:21:13-25:29
38                <action android:name="android.intent.action.MAIN" />
38-->src\main\AndroidManifest.xml:22:17-69
38-->src\main\AndroidManifest.xml:22:25-66
39
40                <category android:name="android.intent.category.LAUNCHER" />
40-->src\main\AndroidManifest.xml:24:17-77
40-->src\main\AndroidManifest.xml:24:27-74
41            </intent-filter>
42        </activity>
43        <activity
43-->src\main\AndroidManifest.xml:27:9-36:20
44            android:name="com.nadhotel.activities.MainActivity"
44-->src\main\AndroidManifest.xml:28:13-52
45            android:label="@string/app_name"
45-->src\main\AndroidManifest.xml:29:13-45
46            android:theme="@style/AppTheme.NoActionBar" >
46-->src\main\AndroidManifest.xml:30:13-56
47            <intent-filter>
47-->src\main\AndroidManifest.xml:21:13-25:29
48                <action android:name="android.intent.action.MAIN" />
48-->src\main\AndroidManifest.xml:22:17-69
48-->src\main\AndroidManifest.xml:22:25-66
49
50                <category android:name="android.intent.category.LAUNCHER" />
50-->src\main\AndroidManifest.xml:24:17-77
50-->src\main\AndroidManifest.xml:24:27-74
51            </intent-filter>
52        </activity>
53
54        <meta-data
54-->src\main\AndroidManifest.xml:38:9-40:69
55            android:name="com.google.android.gms.version"
55-->src\main\AndroidManifest.xml:39:13-58
56            android:value="@integer/google_play_services_version" />
56-->src\main\AndroidManifest.xml:40:13-66
57        <meta-data
57-->src\main\AndroidManifest.xml:41:9-43:51
58            android:name="com.google.android.geo.API_KEY"
58-->src\main\AndroidManifest.xml:42:13-58
59            android:value="Google Maps API KEY" />
59-->src\main\AndroidManifest.xml:43:13-48
60        <!-- Needs to be explicitly declared on P+ -->
61        <uses-library
61-->[com.google.android.gms:play-services-maps:17.0.0] AndroidManifest.xml:33:9-35:40
62            android:name="org.apache.http.legacy"
62-->[com.google.android.gms:play-services-maps:17.0.0] AndroidManifest.xml:34:13-50
63            android:required="false" />
63-->[com.google.android.gms:play-services-maps:17.0.0] AndroidManifest.xml:35:13-37
64
65        <activity
65-->[com.google.android.gms:play-services-base:17.0.0] AndroidManifest.xml:23:9-26:75
66            android:name="com.google.android.gms.common.api.GoogleApiActivity"
66-->[com.google.android.gms:play-services-base:17.0.0] AndroidManifest.xml:24:13-79
67            android:exported="false"
67-->[com.google.android.gms:play-services-base:17.0.0] AndroidManifest.xml:25:13-37
68            android:theme="@android:style/Theme.Translucent.NoTitleBar" />
68-->[com.google.android.gms:play-services-base:17.0.0] AndroidManifest.xml:26:13-72
69    </application>
70
71</manifest>